Γû▓ Next.js 16.1.6 (Turbopack)
- Environments: .env.local, .env

  Creating an optimized production build ...
Γ£ô Compiled successfully in 3.5s
  Running TypeScript ...
  Collecting page data using 15 workers ...
prisma:warn In production, we recommend using `prisma generate --no-engine` (See: `prisma generate --help`)
prisma:warn In production, we recommend using `prisma generate --no-engine` (See: `prisma generate --help`)
  Generating static pages using 15 workers (0/20) ...
  Generating static pages using 15 workers (5/20) 
Error occurred prerendering page "/blog". Read more: https://nextjs.org/docs/messages/prerender-error
Error: Event handlers cannot be passed to Client Component props.
  {href: ..., target: "_blank", rel: ..., onClick: function onClick, className: ..., children: ...}
                                                   ^^^^^^^^^^^^^^^^
If you need interactivity, consider converting part of this to a Client Component.
    at stringify (<anonymous>) {
  digest: '474999471'
}
Export encountered an error on /blog/page: /blog, exiting the build.
Γ¿» Next.js build worker exited with code: 1 and signal: null
